#
# There is insufficient memory for the Java Runtime Environment to continue.
# Native memory allocation (mmap) failed to map 132120576 bytes for G1 virtual space
# Possible reasons:
#   The system is out of physical RAM or swap space
#   The process is running with CompressedOops enabled, and the Java Heap may be blocking the growth of the native heap
# Possible solutions:
#   Reduce memory load on the system
#   Increase physical memory or swap space
#   Check if swap backing store is full
#   Decrease Java heap size (-Xmx/-Xms)
#   Decrease number of Java threads
#   Decrease Java thread stack sizes (-Xss)
#   Set larger code cache with -XX:ReservedCodeCacheSize=
#   JVM is running with Unscaled Compressed Oops mode in which the Java heap is
#     placed in the first 4GB address space. The Java Heap base address is the
#     maximum limit for the native heap growth. Please use -XX:HeapBaseMinAddress
#     to set the Java Heap base and to place the Java Heap above 4GB virtual address.
# This output file may be truncated or incomplete.
#
#  Out of Memory Error (os_windows.cpp:3527), pid=31460, tid=29808
#
# JRE version:  (19.0+36) (build )
# Java VM: OpenJDK 64-Bit Server VM (19+36-2238, mixed mode, sharing, tiered, compressed oops, compressed class ptrs, g1 gc, windows-amd64)
# No core dump will be written. Minidumps are not enabled by default on client versions of Windows
#

---------------  S U M M A R Y ------------

Command Line: -XX:+ShowCodeDetailsInExceptionMessages src.Approver

Host: Intel(R) Core(TM) i5-1035G1 CPU @ 1.00GHz, 8 cores, 7G,  Windows 10 , 64 bit Build 19041 (10.0.19041.3570)
Time: Fri Nov 17 13:13:23 2023 Eastern Standard Time elapsed time: 0.019941 seconds (0d 0h 0m 0s)

---------------  T H R E A D  ---------------

Current thread (0x00000232ca5c0880):  JavaThread "Unknown thread" [_thread_in_vm, id=29808, stack(0x000000b06e400000,0x000000b06e500000)]

Stack: [0x000000b06e400000,0x000000b06e500000]
Native frames: (J=compiled Java code, j=interpreted, Vv=VM code, C=native code)
V  [jvm.dll+0x6ee8fa]
V  [jvm.dll+0x857a1e]
V  [jvm.dll+0x85940e]
V  [jvm.dll+0x859ac3]
V  [jvm.dll+0x28291f]
V  [jvm.dll+0x6eb6e9]
V  [jvm.dll+0x6e028a]
V  [jvm.dll+0x357136]
V  [jvm.dll+0x35eb96]
V  [jvm.dll+0x3b555e]
V  [jvm.dll+0x3b578f]
V  [jvm.dll+0x32c6ea]
V  [jvm.dll+0x32d59e]
V  [jvm.dll+0x821b20]
V  [jvm.dll+0x3c27c1]
V  [jvm.dll+0x8022f1]
V  [jvm.dll+0x44b30f]
V  [jvm.dll+0x44cc91]
C  [jli.dll+0x5287]
C  [ucrtbase.dll+0x21bb2]
C  [KERNEL32.DLL+0x17344]
C  [ntdll.dll+0x526b1]


---------------  P R O C E S S  ---------------

Threads class SMR info:
_java_thread_list=0x00007ffd29a4d048, length=0, elements={
}

Java Threads: ( => current thread )

Other Threads:
  0x00000232ca61fbf0 WorkerThread "GC Thread#0" [stack: 0x000000b06e500000,0x000000b06e600000] [id=31576]
  0x00000232ca6305b0 ConcurrentGCThread "G1 Main Marker" [stack: 0x000000b06e600000,0x000000b06e700000] [id=30308]
  0x00000232ca630fe0 WorkerThread "G1 Conc#0" [stack: 0x000000b06e700000,0x000000b06e800000] [id=29532]

[error occurred during error reporting (printing all threads), id 0xc0000005, EXCEPTION_ACCESS_VIOLATION (0xc0000005) at pc=0x00007ffd2920d127]

VM state: not at safepoint (not fully initialized)

VM Mutex/Monitor currently owned by a thread:  ([mutex/lock_event])
[0x00000232ca5b7b50] Heap_lock - owner thread: 0x00000232ca5c0880

Heap address: 0x0000000083a00000, size: 1990 MB, Compressed Oops mode: 32-bit

CDS archive(s) mapped at: [0x0000000000000000-0x0000000000000000-0x0000000000000000), size 0, SharedBaseAddress: 0x0000000800000000, ArchiveRelocationMode: 0.
Narrow klass base: 0x0000000000000000, Narrow klass shift: 0, Narrow klass range: 0x0

GC Precious Log:
 CardTable entry size: 512
 Card Set container configuration: InlinePtr #cards 5 size 8 Array Of Cards #cards 12 size 40 Howl #buckets 4 coarsen threshold 1843 Howl Bitmap #cards 512 size 80 coarsen threshold 460 Card regions per heap region 1 cards per card region 2048

Heap:
 garbage-first heap   total 0K, used 0K [0x0000000083a00000, 0x0000000100000000)
  region size 1024K, 0 young (0K), 0 survivors (0K)

[error occurred during error reporting (printing heap information), id 0xc0000005, EXCEPTION_ACCESS_VIOLATION (0xc0000005) at pc=0x00007ffd29616959]

GC Heap History (0 events):
No events

Dll operation events (1 events):
Event: 0.010 Loaded shared library C:\Program Files\java\jdk-19\bin\java.dll

Deoptimization events (0 events):
No events

Classes loaded (0 events):
No events

Classes unloaded (0 events):
No events

Classes redefined (0 events):
No events

Internal exceptions (0 events):
No events

VM Operations (0 events):
No events

Events (0 events):
No events


Dynamic libraries:
0x00007ff7d29f0000 - 0x00007ff7d29fe000 	C:\Program Files\java\jdk-19\bin\java.exe
0x00007ffd74c10000 - 0x00007ffd74e07000 	C:\Windows\SYSTEM32\ntdll.dll
0x00007ffd74a50000 - 0x00007ffd74b0d000 	C:\Windows\System32\KERNEL32.DLL
0x00007ffd72900000 - 0x00007ffd72bf6000 	C:\Windows\System32\KERNELBASE.dll
0x00007ffd724e0000 - 0x00007ffd725e0000 	C:\Windows\System32\ucrtbase.dll
0x00007ffd5ce80000 - 0x00007ffd5ce97000 	C:\Program Files\java\jdk-19\bin\jli.dll
0x00007ffd5ce60000 - 0x00007ffd5ce7b000 	C:\Program Files\java\jdk-19\bin\VCRUNTIME140.dll
0x00007ffd73650000 - 0x00007ffd737ee000 	C:\Windows\System32\USER32.dll
0x00007ffd5f810000 - 0x00007ffd5faaa000 	C:\Windows\WinSxS\amd64_microsoft.windows.common-controls_6595b64144ccf1df_6.0.19041.3570_none_60bb2a3971f3e41a\COMCTL32.dll
0x00007ffd72780000 - 0x00007ffd727a2000 	C:\Windows\System32\win32u.dll
0x00007ffd72d20000 - 0x00007ffd72d4c000 	C:\Windows\System32\GDI32.dll
0x00007ffd73ee0000 - 0x00007ffd73f7e000 	C:\Windows\System32\msvcrt.dll
0x00007ffd727e0000 - 0x00007ffd728fa000 	C:\Windows\System32\gdi32full.dll
0x00007ffd726e0000 - 0x00007ffd7277d000 	C:\Windows\System32\msvcp_win.dll
0x00007ffd73f80000 - 0x00007ffd73fb0000 	C:\Windows\System32\IMM32.DLL
0x00007ffd6dd70000 - 0x00007ffd6dd7c000 	C:\Program Files\java\jdk-19\bin\vcruntime140_1.dll
0x00007ffd50740000 - 0x00007ffd507ce000 	C:\Program Files\java\jdk-19\bin\msvcp140.dll
0x00007ffd28ed0000 - 0x00007ffd29b90000 	C:\Program Files\java\jdk-19\bin\server\jvm.dll
0x00007ffd73d30000 - 0x00007ffd73dde000 	C:\Windows\System32\ADVAPI32.dll
0x00007ffd72c80000 - 0x00007ffd72d1c000 	C:\Windows\System32\sechost.dll
0x00007ffd72d50000 - 0x00007ffd72e76000 	C:\Windows\System32\RPCRT4.dll
0x00007ffd6a6f0000 - 0x00007ffd6a6f9000 	C:\Windows\SYSTEM32\WSOCK32.dll
0x00007ffd53b80000 - 0x00007ffd53ba7000 	C:\Windows\SYSTEM32\WINMM.dll
0x00007ffd73de0000 - 0x00007ffd73e4b000 	C:\Windows\System32\WS2_32.dll
0x00007ffd69e20000 - 0x00007ffd69e2a000 	C:\Windows\SYSTEM32\VERSION.dll
0x00007ffd70b20000 - 0x00007ffd70b32000 	C:\Windows\SYSTEM32\kernel.appcore.dll
0x00007ffd6c750000 - 0x00007ffd6c75a000 	C:\Program Files\java\jdk-19\bin\jimage.dll
0x00007ffd6ff30000 - 0x00007ffd70114000 	C:\Windows\SYSTEM32\DBGHELP.DLL
0x00007ffd59e60000 - 0x00007ffd59e94000 	C:\Windows\SYSTEM32\dbgcore.DLL
0x00007ffd722f0000 - 0x00007ffd72372000 	C:\Windows\System32\bcryptPrimitives.dll
0x00007ffd59c20000 - 0x00007ffd59c46000 	C:\Program Files\java\jdk-19\bin\java.dll

dbghelp: loaded successfully - version: 4.0.5 - missing functions: none
symbol engine: initialized successfully - sym options: 0x614 - pdb path: .;C:\Program Files\java\jdk-19\bin;C:\Windows\SYSTEM32;C:\Windows\WinSxS\amd64_microsoft.windows.common-controls_6595b64144ccf1df_6.0.19041.3570_none_60bb2a3971f3e41a;C:\Program Files\java\jdk-19\bin\server

VM Arguments:
jvm_args: -XX:+ShowCodeDetailsInExceptionMessages 
java_command: src.Approver
java_class_path (initial): C:\Users\gurvi\AppData\Roaming\Code\User\workspaceStorage\5540097fbc6815cbcb5f95e4a83f4b78\redhat.java\jdt_ws\SoftEng321_e4253915\bin;c:\Users\gurvi\SoftEng321\lib\hamcrest-core-1.3.jar;c:\Users\gurvi\SoftEng321\lib\junit-4.13.2.jar
Launcher Type: SUN_STANDARD

[Global flags]
     intx CICompilerCount                          = 4                                         {product} {ergonomic}
     uint ConcGCThreads                            = 2                                         {product} {ergonomic}
     uint G1ConcRefinementThreads                  = 8                                         {product} {ergonomic}
   size_t G1HeapRegionSize                         = 1048576                                   {product} {ergonomic}
    uintx GCDrainStackTargetSize                   = 64                                        {product} {ergonomic}
   size_t InitialHeapSize                          = 132120576                                 {product} {ergonomic}
   size_t MarkStackSize                            = 4194304                                   {product} {ergonomic}
   size_t MaxHeapSize                              = 2086666240                                {product} {ergonomic}
   size_t MinHeapDeltaBytes                        = 1048576                                   {product} {ergonomic}
   size_t MinHeapSize                              = 8388608                                   {product} {ergonomic}
    uintx NonNMethodCodeHeapSize                   = 5839372                                {pd product} {ergonomic}
    uintx NonProfiledCodeHeapSize                  = 122909434                              {pd product} {ergonomic}
    uintx ProfiledCodeHeapSize                     = 122909434                              {pd product} {ergonomic}
    uintx ReservedCodeCacheSize                    = 251658240                              {pd product} {ergonomic}
     bool SegmentedCodeCache                       = true                                      {product} {ergonomic}
     bool ShowCodeDetailsInExceptionMessages       = true                                   {manageable} {command line}
   size_t SoftMaxHeapSize                          = 2086666240                             {manageable} {ergonomic}
     bool UseCompressedClassPointers               = true                           {product lp64_product} {ergonomic}
     bool UseCompressedOops                        = true                           {product lp64_product} {ergonomic}
     bool UseG1GC                                  = true                                      {product} {ergonomic}
     bool UseLargePagesIndividualAllocation        = false                                  {pd product} {ergonomic}

Logging:
Log output configuration:
 #0: stdout all=warning uptime,level,tags foldmultilines=false
 #1: stderr all=off uptime,level,tags foldmultilines=false

Environment Variables:
JAVA_HOME=C:\Program Files\java\jdk-19\
PATH=C:\Program Files\java\jdk-19\bin;C:\Program Files (x86)\VMware\VMware Player\bin\;C:\Windows\system32;C:\Windows;C:\Windows\System32\Wbem;C:\Windows\System32\WindowsPowerShell\v1.0\;C:\Windows\System32\OpenSSH\;C:\Program Files (x86)\Calibre2\;C:\Program Files\PuTTY\;C:\Program Files (x86)\Gpg4win\..\GnuPG\bin;C:\Program Files\dotnet\;C:\Program Files\Git\cmd;C:\Users\gurvi\AppData\Local\Programs\Python\Python39\Scripts\;C:\Users\gurvi\AppData\Local\Programs\Python\Python39\;C:\Users\gurvi\AppData\Local\Microsoft\WindowsApps;;C:\Users\gurvi\AppData\Local\Programs\Microsoft VS Code\bin;C:\Program Files\JetBrains\IntelliJ IDEA Community Edition 2021.3.3\bin;
USERNAME=gurvi
LANG=en_US.UTF-8
OS=Windows_NT
PROCESSOR_IDENTIFIER=Intel64 Family 6 Model 126 Stepping 5, GenuineIntel
TMP=C:\Users\gurvi\AppData\Local\Temp
TEMP=C:\Users\gurvi\AppData\Local\Temp



---------------  S Y S T E M  ---------------

OS:
 Windows 10 , 64 bit Build 19041 (10.0.19041.3570)
OS uptime: 9 days 15:39 hours

CPU: total 8 (initial active 8) (4 cores per cpu, 2 threads per core) family 6 model 126 stepping 5 microcode 0xbc, cx8, cmov, fxsr, ht, mmx, 3dnowpref, sse, sse2, sse3, ssse3, sse4.1, sse4.2, popcnt, lzcnt, tsc, tscinvbit, avx, avx2, aes, erms, clmul, bmi1, bmi2, adx, avx512f, avx512dq, avx512cd, avx512bw, avx512vl, sha, fma, vzeroupper, avx512_vpopcntdq, avx512_vpclmulqdq, avx512_vaes, avx512_vnni, clflush, clflushopt, avx512_vbmi2, avx512_vbmi, rdtscp, rdpid, fsrm, gfni, avx512_bitalg

Memory: 4k page, system-wide physical 7958M (247M free)
TotalPageFile size 32534M (AvailPageFile size 31M)
current process WorkingSet (physical memory assigned to process): 10M, peak: 10M
current process commit charge ("private bytes"): 60M, peak: 186M

vm_info: OpenJDK 64-Bit Server VM (19+36-2238) for windows-amd64 JRE (19+36-2238), built on 2022-08-12T20:29:01Z by "mach5one" with MS VC++ 17.1 (VS2022)

END.
